# JRE version: Java(TM) SE Runtime Environment (7.0_67-b01) (build 1.7.0_67-b01)
# Java VM: Java HotSpot(TM) 64-Bit Server VM (24.65-b04 mixed mode windows-amd64 compressed oops)
Heap
 PSYoungGen      total 123392K, used 18271K [0x00000000eaa80000, 0x00000000f3f00000, 0x0000000100000000)
  eden space 108032K, 11% used [0x00000000eaa80000,0x00000000eb6d3d78,0x00000000f1400000)
  from space 15360K, 36% used [0x00000000f2200000,0x00000000f2784030,0x00000000f3100000)
  to   space 14336K, 0% used [0x00000000f1400000,0x00000000f1400000,0x00000000f2200000)
 ParOldGen       total 106496K, used 44561K [0x00000000c0000000, 0x00000000c6800000, 0x00000000eaa80000)
  object space 106496K, 41% used [0x00000000c0000000,0x00000000c2b84440,0x00000000c6800000)
 PSPermGen       total 67072K, used 66220K [0x00000000b0000000, 0x00000000b4180000, 0x00000000c0000000)
  object space 67072K, 98% used [0x00000000b0000000,0x00000000b40ab0f0,0x00000000b4180000)
GC Heap History (10 events):
Event: 37467.957 GC heap before
{Heap before GC invocations=255 (full 44):
 PSYoungGen      total 100352K, used 96684K [0x00000000eaa80000, 0x00000000f1780000, 0x0000000100000000)
  eden space 92160K, 100% used [0x00000000eaa80000,0x00000000f0480000,0x00000000f0480000)
  from space 8192K, 55% used [0x00000000f0f80000,0x00000000f13eb240,0x00000000f1780000)
  to   space 9728K, 0% used [0x00000000f0480000,0x00000000f0480000,0x00000000f0e00000)
 ParOldGen       total 106496K, used 59803K [0x00000000c0000000, 0x00000000c6800000, 0x00000000eaa80000)
  object space 106496K, 56% used [0x00000000c0000000,0x00000000c3a66d40,0x00000000c6800000)
 PSPermGen       total 67584K, used 66459K [0x00000000b0000000, 0x00000000b4200000, 0x00000000c0000000)
  object space 67584K, 98% used [0x00000000b0000000,0x00000000b40e6e98,0x00000000b4200000)
Event: 37467.981 GC heap after
Heap after GC invocations=255 (full 44):
 PSYoungGen      total 101888K, used 9698K [0x00000000eaa80000, 0x00000000f3280000, 0x0000000100000000)
  eden space 92160K, 0% used [0x00000000eaa80000,0x00000000eaa80000,0x00000000f0480000)
  from space 9728K, 99% used [0x00000000f0480000,0x00000000f0df88d0,0x00000000f0e00000)
  to   space 16384K, 0% used [0x00000000f2280000,0x00000000f2280000,0x00000000f3280000)
 ParOldGen       total 106496K, used 73727K [0x00000000c0000000, 0x00000000c6800000, 0x00000000eaa80000)
  object space 106496K, 69% used [0x00000000c0000000,0x00000000c47ffe80,0x00000000c6800000)
 PSPermGen       total 67584K, used 66459K [0x00000000b0000000, 0x00000000b4200000, 0x00000000c0000000)
  object space 67584K, 98% used [0x00000000b0000000,0x00000000b40e6e98,0x00000000b4200000)
}
Event: 37468.511 GC heap before
{Heap before GC invocations=256 (full 44):
 PSYoungGen      total 101888K, used 101858K [0x00000000eaa80000, 0x00000000f3280000, 0x0000000100000000)
  eden space 92160K, 100% used [0x00000000eaa80000,0x00000000f0480000,0x00000000f0480000)
  from space 9728K, 99% used [0x00000000f0480000,0x00000000f0df88d0,0x00000000f0e00000)
  to   space 16384K, 0% used [0x00000000f2280000,0x00000000f2280000,0x00000000f3280000)
 ParOldGen       total 106496K, used 73727K [0x00000000c0000000, 0x00000000c6800000, 0x00000000eaa80000)
  object space 106496K, 69% used [0x00000000c0000000,0x00000000c47ffe80,0x00000000c6800000)
 PSPermGen       total 67584K, used 66459K [0x00000000b0000000, 0x00000000b4200000, 0x00000000c0000000)
  object space 67584K, 98% used [0x00000000b0000000,0x00000000b40e6e98,0x00000000b4200000)
Event: 37468.520 GC heap after
Heap after GC invocations=256 (full 44):
 PSYoungGen      total 122880K, used 4445K [0x00000000eaa80000, 0x00000000f3200000, 0x0000000100000000)
  eden space 107008K, 0% used [0x00000000eaa80000,0x00000000eaa80000,0x00000000f1300000)
  from space 15872K, 28% used [0x00000000f2280000,0x00000000f26d76d8,0x00000000f3200000)
  to   space 15872K, 0% used [0x00000000f1300000,0x00000000f1300000,0x00000000f2280000)
 ParOldGen       total 106496K, used 76646K [0x00000000c0000000, 0x00000000c6800000, 0x00000000eaa80000)
  object space 106496K, 71% used [0x00000000c0000000,0x00000000c4ad9a48,0x00000000c6800000)
 PSPermGen       total 67584K, used 66459K [0x00000000b0000000, 0x00000000b4200000, 0x00000000c0000000)
  object space 67584K, 98% used [0x00000000b0000000,0x00000000b40e6e98,0x00000000b4200000)
}
Event: 37470.291 GC heap before
{Heap before GC invocations=257 (full 44):
 PSYoungGen      total 122880K, used 70825K [0x00000000eaa80000, 0x00000000f3200000, 0x0000000100000000)
  eden space 107008K, 62% used [0x00000000eaa80000,0x00000000eeb530b0,0x00000000f1300000)
  from space 15872K, 28% used [0x00000000f2280000,0x00000000f26d76d8,0x00000000f3200000)
  to   space 15872K, 0% used [0x00000000f1300000,0x00000000f1300000,0x00000000f2280000)
 ParOldGen       total 106496K, used 76646K [0x00000000c0000000, 0x00000000c6800000, 0x00000000eaa80000)
  object space 106496K, 71% used [0x00000000c0000000,0x00000000c4ad9a48,0x00000000c6800000)
 PSPermGen       total 67584K, used 66459K [0x00000000b0000000, 0x00000000b4200000, 0x00000000c0000000)
  object space 67584K, 98% used [0x00000000b0000000,0x00000000b40e6e98,0x00000000b4200000)
Event: 37470.298 GC heap after
Heap after GC invocations=257 (full 44):
 PSYoungGen      total 110080K, used 2752K [0x00000000eaa80000, 0x00000000f3100000, 0x0000000100000000)
  eden space 107008K, 0% used [0x00000000eaa80000,0x00000000eaa80000,0x00000000f1300000)
  from space 3072K, 89% used [0x00000000f1300000,0x00000000f15b0190,0x00000000f1600000)
  to   space 15360K, 0% used [0x00000000f2200000,0x00000000f2200000,0x00000000f3100000)
 ParOldGen       total 106496K, used 76838K [0x00000000c0000000, 0x00000000c6800000, 0x00000000eaa80000)
  object space 106496K, 72% used [0x00000000c0000000,0x00000000c4b09a48,0x00000000c6800000)
 PSPermGen       total 67584K, used 66459K [0x00000000b0000000, 0x00000000b4200000, 0x00000000c0000000)
  object space 67584K, 98% used [0x00000000b0000000,0x00000000b40e6e98,0x00000000b4200000)
}
Event: 37470.298 GC heap before
{Heap before GC invocations=258 (full 45):
 PSYoungGen      total 110080K, used 2752K [0x00000000eaa80000, 0x00000000f3100000, 0x0000000100000000)
  eden space 107008K, 0% used [0x00000000eaa80000,0x00000000eaa80000,0x00000000f1300000)
  from space 3072K, 89% used [0x00000000f1300000,0x00000000f15b0190,0x00000000f1600000)
  to   space 15360K, 0% used [0x00000000f2200000,0x00000000f2200000,0x00000000f3100000)
 ParOldGen       total 106496K, used 76838K [0x00000000c0000000, 0x00000000c6800000, 0x00000000eaa80000)
  object space 106496K, 72% used [0x00000000c0000000,0x00000000c4b09a48,0x00000000c6800000)
 PSPermGen       total 67584K, used 66459K [0x00000000b0000000, 0x00000000b4200000, 0x00000000c0000000)
  object space 67584K, 98% used [0x00000000b0000000,0x00000000b40e6e98,0x00000000b4200000)
Event: 37470.534 GC heap after
Heap after GC invocations=258 (full 45):
 PSYoungGen      total 110080K, used 0K [0x00000000eaa80000, 0x00000000f3100000, 0x0000000100000000)
  eden space 107008K, 0% used [0x00000000eaa80000,0x00000000eaa80000,0x00000000f1300000)
  from space 3072K, 0% used [0x00000000f1300000,0x00000000f1300000,0x00000000f1600000)
  to   space 15360K, 0% used [0x00000000f2200000,0x00000000f2200000,0x00000000f3100000)
 ParOldGen       total 106496K, used 44561K [0x00000000c0000000, 0x00000000c6800000, 0x00000000eaa80000)
  object space 106496K, 41% used [0x00000000c0000000,0x00000000c2b84440,0x00000000c6800000)
 PSPermGen       total 67072K, used 66135K [0x00000000b0000000, 0x00000000b4180000, 0x00000000c0000000)
  object space 67072K, 98% used [0x00000000b0000000,0x00000000b4095d50,0x00000000b4180000)
}
Event: 38191.715 GC heap before
{Heap before GC invocations=259 (full 45):
 PSYoungGen      total 110080K, used 107008K [0x00000000eaa80000, 0x00000000f3100000, 0x0000000100000000)
  eden space 107008K, 100% used [0x00000000eaa80000,0x00000000f1300000,0x00000000f1300000)
  from space 3072K, 0% used [0x00000000f1300000,0x00000000f1300000,0x00000000f1600000)
  to   space 15360K, 0% used [0x00000000f2200000,0x00000000f2200000,0x00000000f3100000)
 ParOldGen       total 106496K, used 44561K [0x00000000c0000000, 0x00000000c6800000, 0x00000000eaa80000)
  object space 106496K, 41% used [0x00000000c0000000,0x00000000c2b84440,0x00000000c6800000)
 PSPermGen       total 67072K, used 66214K [0x00000000b0000000, 0x00000000b4180000, 0x00000000c0000000)
  object space 67072K, 98% used [0x00000000b0000000,0x00000000b40a98e0,0x00000000b4180000)
Event: 38191.725 GC heap after
Heap after GC invocations=259 (full 45):
 PSYoungGen      total 123392K, used 5648K [0x00000000eaa80000, 0x00000000f3f00000, 0x0000000100000000)
  eden space 108032K, 0% used [0x00000000eaa80000,0x00000000eaa80000,0x00000000f1400000)
  from space 15360K, 36% used [0x00000000f2200000,0x00000000f2784030,0x00000000f3100000)
  to   space 14336K, 0% used [0x00000000f1400000,0x00000000f1400000,0x00000000f2200000)
 ParOldGen       total 106496K, used 44561K [0x00000000c0000000, 0x00000000c6800000, 0x00000000eaa80000)
  object space 106496K, 41% used [0x00000000c0000000,0x00000000c2b84440,0x00000000c6800000)
 PSPermGen       total 67072K, used 66214K [0x00000000b0000000, 0x00000000b4180000, 0x00000000c0000000)
  object space 67072K, 98% used [0x00000000b0000000,0x00000000b40a98e0,0x00000000b4180000)
}

